15:58:36 06/12/2008	SiteView shutting down, LICENSE EXPIRED
15:58:36 06/12/2008	SiteView process started, 
15:58:36 06/12/2008	Updating URL in Readme.htm to http://111.111.111.1:8888/SiteView
15:58:44 06/12/2008	Recipient: peng.wang@dragonflow.com, has error: java.net.ProtocolException: 550 unknown user <peng.wang@dragonflow.com>
16:07:38 06/12/2008	SiteView shutting down, LICENSE EXPIRED
16:07:38 06/12/2008	SiteView process started, 
16:07:45 06/12/2008	Recipient: peng.wang@dragonflow.com, has error: java.net.ProtocolException: 550 unknown user <peng.wang@dragonflow.com>
16:12:12 06/12/2008	SiteView shutting down, LICENSE EXPIRED
16:12:12 06/12/2008	SiteView process started, 
16:12:19 06/12/2008	Recipient: peng.wang@dragonflow.com, has error: java.net.ProtocolException: 550 unknown user <peng.wang@dragonflow.com>
16:14:43 06/12/2008	SiteView shutting down, LICENSE EXPIRED
16:14:43 06/12/2008	SiteView process started, 
16:14:50 06/12/2008	Recipient: peng.wang@dragonflow.com, has error: java.net.ProtocolException: 550 unknown user <peng.wang@dragonflow.com>
16:25:50 06/12/2008	Error parsing Network Bandwidth config file D:\JavaSms\eclipseWork\ofbiz\hot-deploy\svEcc\resource\templates.applications\netbandwidth.xml: D:\JavaSms\eclipseWork\ofbiz\hot-deploy\svEcc\resource\templates.applications\netbandwidth.xml (系统找不到指定的文件。)
16:25:53 06/12/2008	Cannot open Websphere properties file: D:\JavaSms\eclipseWork\ofbiz\hot-deploy\svEcc\resource\templates.applications\websphere.props
16:32:19 06/12/2008	SiteView shutting down, LICENSE EXPIRED
16:32:19 06/12/2008	SiteView process started, 
16:32:26 06/12/2008	Recipient: peng.wang@dragonflow.com, has error: java.net.ProtocolException: 550 unknown user <peng.wang@dragonflow.com>
16:32:52 06/12/2008	Error parsing Network Bandwidth config file D:\JavaSms\eclipseWork\ofbiz\hot-deploy\svEcc\resource\templates.applications\netbandwidth.xml: D:\JavaSms\eclipseWork\ofbiz\hot-deploy\svEcc\resource\templates.applications\netbandwidth.xml (系统找不到指定的文件。)
16:32:57 06/12/2008	Cannot open Websphere properties file: D:\JavaSms\eclipseWork\ofbiz\hot-deploy\svEcc\resource\templates.applications\websphere.props
16:45:31 06/12/2008	SiteView shutting down, LICENSE EXPIRED
16:45:31 06/12/2008	SiteView process started, 
16:45:37 06/12/2008	Recipient: peng.wang@dragonflow.com, has error: java.net.ProtocolException: 550 unknown user <peng.wang@dragonflow.com>
16:46:31 06/12/2008	Error parsing Network Bandwidth config file D:\JavaSms\eclipseWork\ofbiz\hot-deploy\svEcc\resource\templates.applications\netbandwidth.xml: D:\JavaSms\eclipseWork\ofbiz\hot-deploy\svEcc\resource\templates.applications\netbandwidth.xml (系统找不到指定的文件。)
16:46:34 06/12/2008	Cannot open Websphere properties file: D:\JavaSms\eclipseWork\ofbiz\hot-deploy\svEcc\resource\templates.applications\websphere.props
16:53:37 06/12/2008	SiteView shutting down, LICENSE EXPIRED
16:53:37 06/12/2008	SiteView process started, 
16:53:44 06/12/2008	Recipient: peng.wang@dragonflow.com, has error: java.net.ProtocolException: 550 unknown user <peng.wang@dragonflow.com>
17:02:27 06/12/2008	SiteView shutting down, LICENSE EXPIRED
17:02:27 06/12/2008	SiteView process started, 
17:02:34 06/12/2008	Recipient: peng.wang@dragonflow.com, has error: java.net.ProtocolException: 550 unknown user <peng.wang@dragonflow.com>
17:08:23 06/12/2008	SiteView shutting down, LICENSE EXPIRED
17:08:23 06/12/2008	SiteView process started, 
17:08:32 06/12/2008	Recipient: peng.wang@dragonflow.com, has error: java.net.ProtocolException: 550 unknown user <peng.wang@dragonflow.com>
17:37:32 06/12/2008	SiteView shutting down, LICENSE EXPIRED
17:37:32 06/12/2008	SiteView process started, 
17:37:43 06/12/2008	Recipient: peng.wang@dragonflow.com, has error: java.net.ProtocolException: 550 unknown user <peng.wang@dragonflow.com>
17:46:44 06/12/2008	SiteView shutting down, LICENSE EXPIRED
17:46:44 06/12/2008	SiteView process started, 
17:46:51 06/12/2008	Recipient: peng.wang@dragonflow.com, has error: java.net.ProtocolException: 550 unknown user <peng.wang@dragonflow.com>
17:50:58 06/12/2008	Error parsing Network Bandwidth config file D:\JavaSms\eclipseWork\ofbiz\hot-deploy\svEcc\resource\templates.applications\netbandwidth.xml: D:\JavaSms\eclipseWork\ofbiz\hot-deploy\svEcc\resource\templates.applications\netbandwidth.xml (系统找不到指定的文件。)
17:51:01 06/12/2008	Cannot open Websphere properties file: D:\JavaSms\eclipseWork\ofbiz\hot-deploy\svEcc\resource\templates.applications\websphere.props
17:57:27 06/12/2008	SiteView shutting down, LICENSE EXPIRED
17:57:27 06/12/2008	SiteView process started, 
17:57:34 06/12/2008	Recipient: peng.wang@dragonflow.com, has error: java.net.ProtocolException: 550 unknown user <peng.wang@dragonflow.com>
08:42:21 06/13/2008	skipped #1, monitor still running: SiteView/Group0/2:(snmp 192.168.0.249), starting the monitor update...
08:42:29 06/13/2008	Recipient: peng.wang@dragonflow.com, has error: java.net.ProtocolException: 550 unknown user <peng.wang@dragonflow.com>
09:25:00 06/13/2008	SiteView shutting down, LICENSE EXPIRED
09:25:00 06/13/2008	SiteView process started, 
09:25:09 06/13/2008	Recipient: peng.wang@dragonflow.com, has error: java.net.ProtocolException: 550 unknown user <peng.wang@dragonflow.com>
09:51:31 06/13/2008	skipped #1, monitor still running: SiteView/Group0/2:(snmp 192.168.0.249), starting the monitor update...
10:02:16 06/13/2008	skipped #1, monitor still running: SiteView/Group0/2:(snmp 192.168.0.249), starting the monitor update...
10:18:40 06/13/2008	SiteView shutting down, LICENSE EXPIRED
10:18:40 06/13/2008	SiteView process started, 
10:18:48 06/13/2008	Recipient: peng.wang@dragonflow.com, has error: java.net.ProtocolException: 550 unknown user <peng.wang@dragonflow.com>
10:34:34 06/13/2008	SiteView shutting down, LICENSE EXPIRED
10:34:34 06/13/2008	SiteView process started, 
10:34:41 06/13/2008	Recipient: peng.wang@dragonflow.com, has error: java.net.ProtocolException: 550 unknown user <peng.wang@dragonflow.com>
10:41:56 06/13/2008	Error parsing Network Bandwidth config file D:\JavaSms\eclipseWork\ofbiz\hot-deploy\svEcc\resource\templates.applications\netbandwidth.xml: D:\JavaSms\eclipseWork\ofbiz\hot-deploy\svEcc\resource\templates.applications\netbandwidth.xml (系统找不到指定的文件。)
10:42:02 06/13/2008	Cannot open Websphere properties file: D:\JavaSms\eclipseWork\ofbiz\hot-deploy\svEcc\resource\templates.applications\websphere.props
11:15:58 06/13/2008	SiteView shutting down, LICENSE EXPIRED
11:15:58 06/13/2008	SiteView process started, 
11:16:08 06/13/2008	Recipient: peng.wang@dragonflow.com, has error: java.net.ProtocolException: 550 unknown user <peng.wang@dragonflow.com>
11:17:59 06/13/2008	Error parsing Network Bandwidth config file D:\JavaSms\eclipseWork\ofbiz\hot-deploy\svEcc\resource\templates.applications\netbandwidth.xml: D:\JavaSms\eclipseWork\ofbiz\hot-deploy\svEcc\resource\templates.applications\netbandwidth.xml (系统找不到指定的文件。)
12:27:34 06/13/2008	ProcessPool: Failed to execute: D:\JavaSms\eclipseWork\ofbiz\hot-deploy\svEcc\resource/tools/perfex.exe *0  -timeout 16 -ping -n 1 -w 5000 -l 32 127.0.0.1, Process 0 is not alive.
12:54:09 06/13/2008	SiteView shutting down, LICENSE EXPIRED
12:54:09 06/13/2008	SiteView process started, 
12:54:20 06/13/2008	Recipient: peng.wang@dragonflow.com, has error: java.net.ProtocolException: 550 unknown user <peng.wang@dragonflow.com>
12:57:08 06/13/2008	Error parsing Network Bandwidth config file D:\JavaSms\eclipseWork\ofbiz\hot-deploy\svEcc\resource\templates.applications\netbandwidth.xml: D:\JavaSms\eclipseWork\ofbiz\hot-deploy\svEcc\resource\templates.applications\netbandwidth.xml (系统找不到指定的文件。)
13:05:19 06/13/2008	SiteView shutting down, LICENSE EXPIRED
13:05:19 06/13/2008	SiteView process started, 
13:05:27 06/13/2008	Recipient: peng.wang@dragonflow.com, has error: java.net.ProtocolException: 550 unknown user <peng.wang@dragonflow.com>
13:40:10 06/13/2008	SiteView shutting down, LICENSE EXPIRED
13:40:10 06/13/2008	SiteView process started, 
13:40:19 06/13/2008	Recipient: peng.wang@dragonflow.com, has error: java.net.ProtocolException: 550 unknown user <peng.wang@dragonflow.com>
14:39:59 06/13/2008	SiteView shutting down, LICENSE EXPIRED
14:39:59 06/13/2008	SiteView process started, 
14:40:09 06/13/2008	Recipient: peng.wang@dragonflow.com, has error: java.net.ProtocolException: 550 unknown user <peng.wang@dragonflow.com>
15:05:53 06/13/2008	SiteView shutting down, LICENSE EXPIRED
15:05:53 06/13/2008	SiteView process started, 
15:06:00 06/13/2008	Recipient: peng.wang@dragonflow.com, has error: java.net.ProtocolException: 550 unknown user <peng.wang@dragonflow.com>
09:31:56 06/16/2008	SiteView shutting down, LICENSE EXPIRED
09:31:56 06/16/2008	SiteView process started, 
09:32:40 06/16/2008	Recipient: peng.wang@dragonflow.com, has error: java.net.ProtocolException: 550 unknown user <peng.wang@dragonflow.com>
09:46:07 06/16/2008	SiteView shutting down, LICENSE EXPIRED
09:46:07 06/16/2008	SiteView process started, 
09:46:07 06/16/2008	Updating URL in Readme.htm to http://111.111.111.1:6666/SiteView
09:46:14 06/16/2008	Recipient: peng.wang@dragonflow.com, has error: java.net.ProtocolException: 550 unknown user <peng.wang@dragonflow.com>
09:50:13 06/16/2008	SiteView shutting down, LICENSE EXPIRED
09:50:13 06/16/2008	SiteView process started, 
09:50:13 06/16/2008	Updating URL in Readme.htm to http://111.111.111.1:6666/SiteView
09:50:20 06/16/2008	Recipient: peng.wang@dragonflow.com, has error: java.net.ProtocolException: 550 unknown user <peng.wang@dragonflow.com>
10:21:10 06/16/2008	SiteView shutting down, LICENSE EXPIRED
10:21:10 06/16/2008	SiteView process started, 
10:21:20 06/16/2008	Recipient: peng.wang@dragonflow.com, has error: java.net.ProtocolException: 550 unknown user <peng.wang@dragonflow.com>
10:30:47 06/16/2008	SiteView shutting down, LICENSE EXPIRED
10:30:47 06/16/2008	SiteView process started, 
10:30:55 06/16/2008	Recipient: peng.wang@dragonflow.com, has error: java.net.ProtocolException: 550 unknown user <peng.wang@dragonflow.com>
10:35:29 06/16/2008	SiteView shutting down, LICENSE EXPIRED
10:35:29 06/16/2008	SiteView process started, 
10:35:36 06/16/2008	Recipient: peng.wang@dragonflow.com, has error: java.net.ProtocolException: 550 unknown user <peng.wang@dragonflow.com>
10:42:11 06/16/2008	SiteView shutting down, LICENSE EXPIRED
10:42:11 06/16/2008	SiteView process started, 
10:42:18 06/16/2008	Recipient: peng.wang@dragonflow.com, has error: java.net.ProtocolException: 550 unknown user <peng.wang@dragonflow.com>
11:03:21 06/16/2008	SiteView shutting down, LICENSE EXPIRED
11:03:21 06/16/2008	SiteView process started, 
11:03:28 06/16/2008	Recipient: peng.wang@dragonflow.com, has error: java.net.ProtocolException: 550 unknown user <peng.wang@dragonflow.com>
13:39:31 06/16/2008	SiteView shutting down, LICENSE EXPIRED
13:39:31 06/16/2008	SiteView process started, 
13:39:40 06/16/2008	Recipient: peng.wang@dragonflow.com, has error: java.net.ProtocolException: 550 unknown user <peng.wang@dragonflow.com>
13:43:28 06/16/2008	SiteView shutting down, LICENSE EXPIRED
13:43:28 06/16/2008	SiteView process started, 
13:43:35 06/16/2008	Recipient: peng.wang@dragonflow.com, has error: java.net.ProtocolException: 550 unknown user <peng.wang@dragonflow.com>
13:47:26 06/16/2008	SiteView shutting down, LICENSE EXPIRED
13:47:26 06/16/2008	SiteView process started, 
13:47:34 06/16/2008	Recipient: peng.wang@dragonflow.com, has error: java.net.ProtocolException: 550 unknown user <peng.wang@dragonflow.com>
14:08:13 06/16/2008	SiteView shutting down, LICENSE EXPIRED
14:08:13 06/16/2008	SiteView process started, 
14:08:20 06/16/2008	Recipient: peng.wang@dragonflow.com, has error: java.net.ProtocolException: 550 unknown user <peng.wang@dragonflow.com>
14:16:42 06/16/2008	SiteView shutting down, LICENSE EXPIRED
14:16:42 06/16/2008	SiteView process started, 
14:16:50 06/16/2008	Recipient: peng.wang@dragonflow.com, has error: java.net.ProtocolException: 550 unknown user <peng.wang@dragonflow.com>
14:20:52 06/16/2008	SiteView shutting down, LICENSE EXPIRED
14:20:52 06/16/2008	SiteView process started, 
14:21:00 06/16/2008	Recipient: peng.wang@dragonflow.com, has error: java.net.ProtocolException: 550 unknown user <peng.wang@dragonflow.com>
14:23:39 06/16/2008	SiteView shutting down, LICENSE EXPIRED
14:23:39 06/16/2008	SiteView process started, 
14:23:48 06/16/2008	Recipient: peng.wang@dragonflow.com, has error: java.net.ProtocolException: 550 unknown user <peng.wang@dragonflow.com>
14:28:32 06/16/2008	SiteView shutting down, LICENSE EXPIRED
14:28:32 06/16/2008	SiteView process started, 
14:28:38 06/16/2008	Recipient: peng.wang@dragonflow.com, has error: java.net.ProtocolException: 550 unknown user <peng.wang@dragonflow.com>
14:33:27 06/16/2008	SiteView shutting down, LICENSE EXPIRED
14:33:27 06/16/2008	SiteView process started, 
14:33:34 06/16/2008	Recipient: peng.wang@dragonflow.com, has error: java.net.ProtocolException: 550 unknown user <peng.wang@dragonflow.com>
14:37:31 06/16/2008	SiteView shutting down, LICENSE EXPIRED
14:37:31 06/16/2008	SiteView process started, 
14:37:38 06/16/2008	Recipient: peng.wang@dragonflow.com, has error: java.net.ProtocolException: 550 unknown user <peng.wang@dragonflow.com>
14:39:52 06/16/2008	SiteView shutting down, LICENSE EXPIRED
14:39:52 06/16/2008	SiteView process started, 
14:39:59 06/16/2008	Recipient: peng.wang@dragonflow.com, has error: java.net.ProtocolException: 550 unknown user <peng.wang@dragonflow.com>
15:08:57 06/16/2008	Scheduler error, scheduler: Monitor Scheduler, error: java.lang.NullPointerException, event: [ScheduleEvent,time=1213600170908, action=update monitor Group0:5  local], details: java.lang.NullPointerException
	at java.util.StringTokenizer.<init>(StringTokenizer.java:182)
	at java.util.StringTokenizer.<init>(StringTokenizer.java:204)
	at com.dragonflow.Utils.TextUtils.split(TextUtils.java:1238)
	at com.dragonflow.Properties.ScheduleProperty.scheduleStringToHashMap(ScheduleProperty.java:302)
	at com.dragonflow.Properties.ScheduleProperty.isEnabled(ScheduleProperty.java:404)
	at com.dragonflow.Properties.ScheduleProperty.isEnabled(ScheduleProperty.java:400)
	at com.dragonflow.SiteView.AtomicMonitor.runUpdate(AtomicMonitor.java:439)
	at com.dragonflow.StandardAction.UpdateMonitor.execute(UpdateMonitor.java:32)
	at com.dragonflow.SiteView.Action.trigger(Action.java:200)
	at com.dragonflow.SiteView.ScheduleEvent.doAction(ScheduleEvent.java:65)
	at com.dragonflow.SiteView.Scheduler.doAction(Scheduler.java:216)
	at com.dragonflow.SiteView.Scheduler.run(Scheduler.java:172)
	at java.lang.Thread.run(Thread.java:619)

15:09:09 06/16/2008	Scheduler error, scheduler: Monitor Scheduler, error: java.lang.NullPointerException, event: [ScheduleEvent,time=1213600169285, action=update monitor Group0:4  mytest], details: java.lang.NullPointerException
	at java.util.StringTokenizer.<init>(StringTokenizer.java:182)
	at java.util.StringTokenizer.<init>(StringTokenizer.java:204)
	at com.dragonflow.Utils.TextUtils.split(TextUtils.java:1238)
	at com.dragonflow.Properties.ScheduleProperty.scheduleStringToHashMap(ScheduleProperty.java:302)
	at com.dragonflow.Properties.ScheduleProperty.isEnabled(ScheduleProperty.java:404)
	at com.dragonflow.Properties.ScheduleProperty.isEnabled(ScheduleProperty.java:400)
	at com.dragonflow.SiteView.AtomicMonitor.runUpdate(AtomicMonitor.java:439)
	at com.dragonflow.StandardAction.UpdateMonitor.execute(UpdateMonitor.java:32)
	at com.dragonflow.SiteView.Action.trigger(Action.java:200)
	at com.dragonflow.SiteView.ScheduleEvent.doAction(ScheduleEvent.java:65)
	at com.dragonflow.SiteView.Scheduler.doAction(Scheduler.java:216)
	at com.dragonflow.SiteView.Scheduler.run(Scheduler.java:172)
	at java.lang.Thread.run(Thread.java:619)

15:09:09 06/16/2008	Scheduler error, scheduler: Monitor Scheduler, error: java.lang.NullPointerException, event: [ScheduleEvent,time=1213600169285, action=update monitor Group0:3  mytest], details: java.lang.NullPointerException
	at java.util.StringTokenizer.<init>(StringTokenizer.java:182)
	at java.util.StringTokenizer.<init>(StringTokenizer.java:204)
	at com.dragonflow.Utils.TextUtils.split(TextUtils.java:1238)
	at com.dragonflow.Properties.ScheduleProperty.scheduleStringToHashMap(ScheduleProperty.java:302)
	at com.dragonflow.Properties.ScheduleProperty.isEnabled(ScheduleProperty.java:404)
	at com.dragonflow.Properties.ScheduleProperty.isEnabled(ScheduleProperty.java:400)
	at com.dragonflow.SiteView.AtomicMonitor.runUpdate(AtomicMonitor.java:439)
	at com.dragonflow.StandardAction.UpdateMonitor.execute(UpdateMonitor.java:32)
	at com.dragonflow.SiteView.Action.trigger(Action.java:200)
	at com.dragonflow.SiteView.ScheduleEvent.doAction(ScheduleEvent.java:65)
	at com.dragonflow.SiteView.Scheduler.doAction(Scheduler.java:216)
	at com.dragonflow.SiteView.Scheduler.run(Scheduler.java:172)
	at java.lang.Thread.run(Thread.java:619)

15:09:20 06/16/2008	Scheduler error, scheduler: Monitor Scheduler, error: java.lang.NullPointerException, event: [ScheduleEvent,time=1213600204050, action=update monitor Group0:6  wwwwwwwwwwww], details: java.lang.NullPointerException
	at java.util.StringTokenizer.<init>(StringTokenizer.java:182)
	at java.util.StringTokenizer.<init>(StringTokenizer.java:204)
	at com.dragonflow.Utils.TextUtils.split(TextUtils.java:1238)
	at com.dragonflow.Properties.ScheduleProperty.scheduleStringToHashMap(ScheduleProperty.java:302)
	at com.dragonflow.Properties.ScheduleProperty.isEnabled(ScheduleProperty.java:404)
	at com.dragonflow.Properties.ScheduleProperty.isEnabled(ScheduleProperty.java:400)
	at com.dragonflow.SiteView.AtomicMonitor.runUpdate(AtomicMonitor.java:439)
	at com.dragonflow.StandardAction.UpdateMonitor.execute(UpdateMonitor.java:32)
	at com.dragonflow.SiteView.Action.trigger(Action.java:200)
	at com.dragonflow.SiteView.ScheduleEvent.doAction(ScheduleEvent.java:65)
	at com.dragonflow.SiteView.Scheduler.doAction(Scheduler.java:216)
	at com.dragonflow.SiteView.Scheduler.run(Scheduler.java:172)
	at java.lang.Thread.run(Thread.java:619)

15:09:29 06/16/2008	Scheduler error, scheduler: Monitor Scheduler, error: java.lang.NullPointerException, event: [ScheduleEvent,time=1213600189294, action=update monitor Group0:3  mytest], details: java.lang.NullPointerException
	at java.util.StringTokenizer.<init>(StringTokenizer.java:182)
	at java.util.StringTokenizer.<init>(StringTokenizer.java:204)
	at com.dragonflow.Utils.TextUtils.split(TextUtils.java:1238)
	at com.dragonflow.Properties.ScheduleProperty.scheduleStringToHashMap(ScheduleProperty.java:302)
	at com.dragonflow.Properties.ScheduleProperty.isEnabled(ScheduleProperty.java:404)
	at com.dragonflow.Properties.ScheduleProperty.isEnabled(ScheduleProperty.java:400)
	at com.dragonflow.SiteView.AtomicMonitor.runUpdate(AtomicMonitor.java:439)
	at com.dragonflow.StandardAction.UpdateMonitor.execute(UpdateMonitor.java:32)
	at com.dragonflow.SiteView.Action.trigger(Action.java:200)
	at com.dragonflow.SiteView.ScheduleEvent.doAction(ScheduleEvent.java:65)
	at com.dragonflow.SiteView.Scheduler.doAction(Scheduler.java:216)
	at com.dragonflow.SiteView.Scheduler.run(Scheduler.java:172)
	at java.lang.Thread.run(Thread.java:619)

15:09:29 06/16/2008	Scheduler error, scheduler: Monitor Scheduler, error: java.lang.NullPointerException, event: [ScheduleEvent,time=1213600189294, action=update monitor Group0:4  mytest], details: java.lang.NullPointerException
	at java.util.StringTokenizer.<init>(StringTokenizer.java:182)
	at java.util.StringTokenizer.<init>(StringTokenizer.java:204)
	at com.dragonflow.Utils.TextUtils.split(TextUtils.java:1238)
	at com.dragonflow.Properties.ScheduleProperty.scheduleStringToHashMap(ScheduleProperty.java:302)
	at com.dragonflow.Properties.ScheduleProperty.isEnabled(ScheduleProperty.java:404)
	at com.dragonflow.Properties.ScheduleProperty.isEnabled(ScheduleProperty.java:400)
	at com.dragonflow.SiteView.AtomicMonitor.runUpdate(AtomicMonitor.java:439)
	at com.dragonflow.StandardAction.UpdateMonitor.execute(UpdateMonitor.java:32)
	at com.dragonflow.SiteView.Action.trigger(Action.java:200)
	at com.dragonflow.SiteView.ScheduleEvent.doAction(ScheduleEvent.java:65)
	at com.dragonflow.SiteView.Scheduler.doAction(Scheduler.java:216)
	at com.dragonflow.SiteView.Scheduler.run(Scheduler.java:172)
	at java.lang.Thread.run(Thread.java:619)

15:09:30 06/16/2008	Scheduler error, scheduler: Monitor Scheduler, error: java.lang.NullPointerException, event: [ScheduleEvent,time=1213600203916, action=update monitor Group0:5  local], details: java.lang.NullPointerException
	at java.util.StringTokenizer.<init>(StringTokenizer.java:182)
	at java.util.StringTokenizer.<init>(StringTokenizer.java:204)
	at com.dragonflow.Utils.TextUtils.split(TextUtils.java:1238)
	at com.dragonflow.Properties.ScheduleProperty.scheduleStringToHashMap(ScheduleProperty.java:302)
	at com.dragonflow.Properties.ScheduleProperty.isEnabled(ScheduleProperty.java:404)
	at com.dragonflow.Properties.ScheduleProperty.isEnabled(ScheduleProperty.java:400)
	at com.dragonflow.SiteView.AtomicMonitor.runUpdate(AtomicMonitor.java:439)
	at com.dragonflow.StandardAction.UpdateMonitor.execute(UpdateMonitor.java:32)
	at com.dragonflow.SiteView.Action.trigger(Action.java:200)
	at com.dragonflow.SiteView.ScheduleEvent.doAction(ScheduleEvent.java:65)
	at com.dragonflow.SiteView.Scheduler.doAction(Scheduler.java:216)
	at com.dragonflow.SiteView.Scheduler.run(Scheduler.java:172)
	at java.lang.Thread.run(Thread.java:619)

15:09:32 06/16/2008	Scheduler error, scheduler: Monitor Scheduler, error: java.lang.NullPointerException, event: [ScheduleEvent,time=1213600216078, action=update monitor Group0:7  wwwwwwwwwwww], details: java.lang.NullPointerException
	at java.util.StringTokenizer.<init>(StringTokenizer.java:182)
	at java.util.StringTokenizer.<init>(StringTokenizer.java:204)
	at com.dragonflow.Utils.TextUtils.split(TextUtils.java:1238)
	at com.dragonflow.Properties.ScheduleProperty.scheduleStringToHashMap(ScheduleProperty.java:302)
	at com.dragonflow.Properties.ScheduleProperty.isEnabled(ScheduleProperty.java:404)
	at com.dragonflow.Properties.ScheduleProperty.isEnabled(ScheduleProperty.java:400)
	at com.dragonflow.SiteView.AtomicMonitor.runUpdate(AtomicMonitor.java:439)
	at com.dragonflow.StandardAction.UpdateMonitor.execute(UpdateMonitor.java:32)
	at com.dragonflow.SiteView.Action.trigger(Action.java:200)
	at com.dragonflow.SiteView.ScheduleEvent.doAction(ScheduleEvent.java:65)
	at com.dragonflow.SiteView.Scheduler.doAction(Scheduler.java:216)
	at com.dragonflow.SiteView.Scheduler.run(Scheduler.java:172)
	at java.lang.Thread.run(Thread.java:619)

15:09:49 06/16/2008	Scheduler error, scheduler: Monitor Scheduler, error: java.lang.NullPointerException, event: [ScheduleEvent,time=1213600209302, action=update monitor Group0:3  mytest], details: java.lang.NullPointerException
	at java.util.StringTokenizer.<init>(StringTokenizer.java:182)
	at java.util.StringTokenizer.<init>(StringTokenizer.java:204)
	at com.dragonflow.Utils.TextUtils.split(TextUtils.java:1238)
	at com.dragonflow.Properties.ScheduleProperty.scheduleStringToHashMap(ScheduleProperty.java:302)
	at com.dragonflow.Properties.ScheduleProperty.isEnabled(ScheduleProperty.java:404)
	at com.dragonflow.Properties.ScheduleProperty.isEnabled(ScheduleProperty.java:400)
	at com.dragonflow.SiteView.AtomicMonitor.runUpdate(AtomicMonitor.java:439)
	at com.dragonflow.StandardAction.UpdateMonitor.execute(UpdateMonitor.java:32)
	at com.dragonflow.SiteView.Action.trigger(Action.java:200)
	at com.dragonflow.SiteView.ScheduleEvent.doAction(ScheduleEvent.java:65)
	at com.dragonflow.SiteView.Scheduler.doAction(Scheduler.java:216)
	at com.dragonflow.SiteView.Scheduler.run(Scheduler.java:172)
	at java.lang.Thread.run(Thread.java:619)

15:09:49 06/16/2008	Scheduler error, scheduler: Monitor Scheduler, error: java.lang.NullPointerException, event: [ScheduleEvent,time=1213600209302, action=update monitor Group0:4  mytest], details: java.lang.NullPointerException
	at java.util.StringTokenizer.<init>(StringTokenizer.java:182)
	at java.util.StringTokenizer.<init>(StringTokenizer.java:204)
	at com.dragonflow.Utils.TextUtils.split(TextUtils.java:1238)
	at com.dragonflow.Properties.ScheduleProperty.scheduleStringToHashMap(ScheduleProperty.java:302)
	at com.dragonflow.Properties.ScheduleProperty.isEnabled(ScheduleProperty.java:404)
	at com.dragonflow.Properties.ScheduleProperty.isEnabled(ScheduleProperty.java:400)
	at com.dragonflow.SiteView.AtomicMonitor.runUpdate(AtomicMonitor.java:439)
	at com.dragonflow.StandardAction.UpdateMonitor.execute(UpdateMonitor.java:32)
	at com.dragonflow.SiteView.Action.trigger(Action.java:200)
	at com.dragonflow.SiteView.ScheduleEvent.doAction(ScheduleEvent.java:65)
	at com.dragonflow.SiteView.Scheduler.doAction(Scheduler.java:216)
	at com.dragonflow.SiteView.Scheduler.run(Scheduler.java:172)
	at java.lang.Thread.run(Thread.java:619)

15:10:03 06/16/2008	Scheduler error, scheduler: Monitor Scheduler, error: java.lang.NullPointerException, event: [ScheduleEvent,time=1213600236917, action=update monitor Group0:5  local], details: java.lang.NullPointerException
	at java.util.StringTokenizer.<init>(StringTokenizer.java:182)
	at java.util.StringTokenizer.<init>(StringTokenizer.java:204)
	at com.dragonflow.Utils.TextUtils.split(TextUtils.java:1238)
	at com.dragonflow.Properties.ScheduleProperty.scheduleStringToHashMap(ScheduleProperty.java:302)
	at com.dragonflow.Properties.ScheduleProperty.isEnabled(ScheduleProperty.java:404)
	at com.dragonflow.Properties.ScheduleProperty.isEnabled(ScheduleProperty.java:400)
	at com.dragonflow.SiteView.AtomicMonitor.runUpdate(AtomicMonitor.java:439)
	at com.dragonflow.StandardAction.UpdateMonitor.execute(UpdateMonitor.java:32)
	at com.dragonflow.SiteView.Action.trigger(Action.java:200)
	at com.dragonflow.SiteView.ScheduleEvent.doAction(ScheduleEvent.java:65)
	at com.dragonflow.SiteView.Scheduler.doAction(Scheduler.java:216)
	at com.dragonflow.SiteView.Scheduler.run(Scheduler.java:172)
	at java.lang.Thread.run(Thread.java:619)

15:10:04 06/16/2008	Scheduler error, scheduler: Monitor Scheduler, error: java.lang.NullPointerException, event: [ScheduleEvent,time=1213600248057, action=update monitor Group0:6  wwwwwwwwwwww], details: java.lang.NullPointerException
	at java.util.StringTokenizer.<init>(StringTokenizer.java:182)
	at java.util.StringTokenizer.<init>(StringTokenizer.java:204)
	at com.dragonflow.Utils.TextUtils.split(TextUtils.java:1238)
	at com.dragonflow.Properties.ScheduleProperty.scheduleStringToHashMap(ScheduleProperty.java:302)
	at com.dragonflow.Properties.ScheduleProperty.isEnabled(ScheduleProperty.java:404)
	at com.dragonflow.Properties.ScheduleProperty.isEnabled(ScheduleProperty.java:400)
	at com.dragonflow.SiteView.AtomicMonitor.runUpdate(AtomicMonitor.java:439)
	at com.dragonflow.StandardAction.UpdateMonitor.execute(UpdateMonitor.java:32)
	at com.dragonflow.SiteView.Action.trigger(Action.java:200)
	at com.dragonflow.SiteView.ScheduleEvent.doAction(ScheduleEvent.java:65)
	at com.dragonflow.SiteView.Scheduler.doAction(Scheduler.java:216)
	at com.dragonflow.SiteView.Scheduler.run(Scheduler.java:172)
	at java.lang.Thread.run(Thread.java:619)

15:10:09 06/16/2008	Scheduler error, scheduler: Monitor Scheduler, error: java.lang.NullPointerException, event: [ScheduleEvent,time=1213600229305, action=update monitor Group0:4  mytest], details: java.lang.NullPointerException
	at java.util.StringTokenizer.<init>(StringTokenizer.java:182)
	at java.util.StringTokenizer.<init>(StringTokenizer.java:204)
	at com.dragonflow.Utils.TextUtils.split(TextUtils.java:1238)
	at com.dragonflow.Properties.ScheduleProperty.scheduleStringToHashMap(ScheduleProperty.java:302)
	at com.dragonflow.Properties.ScheduleProperty.isEnabled(ScheduleProperty.java:404)
	at com.dragonflow.Properties.ScheduleProperty.isEnabled(ScheduleProperty.java:400)
	at com.dragonflow.SiteView.AtomicMonitor.runUpdate(AtomicMonitor.java:439)
	at com.dragonflow.StandardAction.UpdateMonitor.execute(UpdateMonitor.java:32)
	at com.dragonflow.SiteView.Action.trigger(Action.java:200)
	at com.dragonflow.SiteView.ScheduleEvent.doAction(ScheduleEvent.java:65)
	at com.dragonflow.SiteView.Scheduler.doAction(Scheduler.java:216)
	at com.dragonflow.SiteView.Scheduler.run(Scheduler.java:172)
	at java.lang.Thread.run(Thread.java:619)

15:10:09 06/16/2008	Scheduler error, scheduler: Monitor Scheduler, error: java.lang.NullPointerException, event: [ScheduleEvent,time=1213600229305, action=update monitor Group0:3  mytest], details: java.lang.NullPointerException
	at java.util.StringTokenizer.<init>(StringTokenizer.java:182)
	at java.util.StringTokenizer.<init>(StringTokenizer.java:204)
	at com.dragonflow.Utils.TextUtils.split(TextUtils.java:1238)
	at com.dragonflow.Properties.ScheduleProperty.scheduleStringToHashMap(ScheduleProperty.java:302)
	at com.dragonflow.Properties.ScheduleProperty.isEnabled(ScheduleProperty.java:404)
	at com.dragonflow.Properties.ScheduleProperty.isEnabled(ScheduleProperty.java:400)
	at com.dragonflow.SiteView.AtomicMonitor.runUpdate(AtomicMonitor.java:439)
	at com.dragonflow.StandardAction.UpdateMonitor.execute(UpdateMonitor.java:32)
	at com.dragonflow.SiteView.Action.trigger(Action.java:200)
	at com.dragonflow.SiteView.ScheduleEvent.doAction(ScheduleEvent.java:65)
	at com.dragonflow.SiteView.Scheduler.doAction(Scheduler.java:216)
	at com.dragonflow.SiteView.Scheduler.run(Scheduler.java:172)
	at java.lang.Thread.run(Thread.java:619)

15:10:16 06/16/2008	Scheduler error, scheduler: Monitor Scheduler, error: java.lang.NullPointerException, event: [ScheduleEvent,time=1213600260085, action=update monitor Group0:7  wwwwwwwwwwww], details: java.lang.NullPointerException
	at java.util.StringTokenizer.<init>(StringTokenizer.java:182)
	at java.util.StringTokenizer.<init>(StringTokenizer.java:204)
	at com.dragonflow.Utils.TextUtils.split(TextUtils.java:1238)
	at com.dragonflow.Properties.ScheduleProperty.scheduleStringToHashMap(ScheduleProperty.java:302)
	at com.dragonflow.Properties.ScheduleProperty.isEnabled(ScheduleProperty.java:404)
	at com.dragonflow.Properties.ScheduleProperty.isEnabled(ScheduleProperty.java:400)
	at com.dragonflow.SiteView.AtomicMonitor.runUpdate(AtomicMonitor.java:439)
	at com.dragonflow.StandardAction.UpdateMonitor.execute(UpdateMonitor.java:32)
	at com.dragonflow.SiteView.Action.trigger(Action.java:200)
	at com.dragonflow.SiteView.ScheduleEvent.doAction(ScheduleEvent.java:65)
	at com.dragonflow.SiteView.Scheduler.doAction(Scheduler.java:216)
	at com.dragonflow.SiteView.Scheduler.run(Scheduler.java:172)
	at java.lang.Thread.run(Thread.java:619)

15:15:53 06/16/2008	SiteView shutting down, LICENSE EXPIRED
15:15:53 06/16/2008	SiteView process started, 
15:16:01 06/16/2008	Recipient: peng.wang@dragonflow.com, has error: java.net.ProtocolException: 550 unknown user <peng.wang@dragonflow.com>
15:24:26 06/16/2008	SiteView shutting down, LICENSE EXPIRED
15:24:26 06/16/2008	SiteView process started, 
15:24:33 06/16/2008	Recipient: peng.wang@dragonflow.com, has error: java.net.ProtocolException: 550 unknown user <peng.wang@dragonflow.com>
15:26:57 06/16/2008	SiteView shutting down, LICENSE EXPIRED
15:26:57 06/16/2008	SiteView process started, 
15:27:04 06/16/2008	Recipient: peng.wang@dragonflow.com, has error: java.net.ProtocolException: 550 unknown user <peng.wang@dragonflow.com>
15:30:34 06/16/2008	SiteView shutting down, LICENSE EXPIRED
15:30:34 06/16/2008	SiteView process started, 
15:30:41 06/16/2008	Recipient: peng.wang@dragonflow.com, has error: java.net.ProtocolException: 550 unknown user <peng.wang@dragonflow.com>
15:42:52 06/16/2008	SiteView shutting down, LICENSE EXPIRED
15:42:52 06/16/2008	SiteView process started, 
15:43:01 06/16/2008	Recipient: peng.wang@dragonflow.com, has error: java.net.ProtocolException: 550 unknown user <peng.wang@dragonflow.com>
16:32:02 06/16/2008	skipped #1, monitor still running: SiteView/Group0/10:(ffff), start executing a task in a process from the process pool...
16:43:49 06/16/2008	skipped #1, monitor still running: SiteView/Group0/10:(ffff), start executing a task in a process from the process pool...
16:52:34 06/16/2008	skipped #1, monitor still running: SiteView/Group0/10:(ffff), start executing a task in a process from the process pool...
16:52:49 06/16/2008	skipped #2, monitor still running: SiteView/Group0/10:(ffff), start executing a task in a process from the process pool...
16:53:04 06/16/2008	skipped #3, monitor still running: SiteView/Group0/10:(ffff), start executing a task in a process from the process pool...
17:06:34 06/16/2008	skipped #1, monitor still running: SiteView/Group0/10:(ffff), start executing a task in a process from the process pool...
17:06:49 06/16/2008	skipped #2, monitor still running: SiteView/Group0/10:(ffff), start executing a task in a process from the process pool...
17:07:04 06/16/2008	skipped #3, monitor still running: SiteView/Group0/10:(ffff), start executing a task in a process from the process pool...
08:50:50 06/17/2008	skipped #1, monitor still running: SiteView/Group0/10:(ffff), start executing a task in a process from the process pool...
08:50:57 06/17/2008	Using backup mail server (unknown host name) for SiteView daily status To: peng.wang@dragonflow.com
08:50:57 06/17/2008	STATUS MAIL ERROR: unknown host name
09:53:06 06/17/2008	skipped #1, monitor still running: SiteView/Group0/10:(ffff), start executing a task in a process from the process pool...
10:04:06 06/17/2008	skipped #1, monitor still running: SiteView/Group0/10:(ffff), start executing a task in a process from the process pool...
10:26:52 06/17/2008	skipped #1, monitor still running: SiteView/Group0/10:(ffff), start executing a task in a process from the process pool...
10:28:07 06/17/2008	skipped #1, monitor still running: SiteView/Group0/10:(ffff), start executing a task in a process from the process pool...
10:28:52 06/17/2008	skipped #1, monitor still running: SiteView/Group0/10:(ffff), start executing a task in a process from the process pool...
10:29:07 06/17/2008	skipped #2, monitor still running: SiteView/Group0/10:(ffff), start executing a task in a process from the process pool...
10:30:07 06/17/2008	skipped #1, monitor still running: SiteView/Group0/10:(ffff), start executing a task in a process from the process pool...
10:30:22 06/17/2008	skipped #2, monitor still running: SiteView/Group0/10:(ffff), start executing a task in a process from the process pool...
10:30:37 06/17/2008	skipped #3, monitor still running: SiteView/Group0/10:(ffff), start executing a task in a process from the process pool...
10:30:52 06/17/2008	skipped #4, monitor still running: SiteView/Group0/10:(ffff), start executing a task in a process from the process pool...
10:31:07 06/17/2008	skipped #5, monitor still running: SiteView/Group0/10:(ffff), start executing a task in a process from the process pool...
10:44:30 06/17/2008	SiteView shutting down, LICENSE EXPIRED
10:44:30 06/17/2008	SiteView process started, 
10:44:39 06/17/2008	Recipient: peng.wang@dragonflow.com, has error: java.net.ProtocolException: 550 unknown user <peng.wang@dragonflow.com>
10:44:39 06/17/2008	Using backup mail server (java.net.ProtocolException: 503 must have sender and recipient first) for SiteView started To: peng.wang@dragonflow.com
10:44:41 06/17/2008	STATUS MAIL ERROR: unable to connect to server
11:29:03 06/17/2008	skipped #1, monitor still running: SiteView/Group0/12:(22), start executing a task in a process from the process pool...
13:42:33 06/17/2008	skipped #1, monitor still running: SiteView/Group0/12:(22), start executing a task in a process from the process pool...
14:33:10 06/17/2008	skipped #1, monitor still running: SiteView/Group0/12:(22), start executing a task in a process from the process pool...
14:33:54 06/17/2008	skipped #1, monitor still running: SiteView/Group0/12:(22), start executing a task in a process from the process pool...
14:34:17 06/17/2008	skipped #2, monitor still running: SiteView/Group0/12:(22), start executing a task in a process from the process pool...
14:34:39 06/17/2008	skipped #3, monitor still running: SiteView/Group0/12:(22), start executing a task in a process from the process pool...
14:35:45 06/17/2008	skipped #1, monitor still running: SiteView/Group0/12:(22), start executing a task in a process from the process pool...
14:36:07 06/17/2008	skipped #2, monitor still running: SiteView/Group0/12:(22), start executing a task in a process from the process pool...
14:36:51 06/17/2008	skipped #1, monitor still running: SiteView/Group0/12:(22), start executing a task in a process from the process pool...
14:44:33 06/17/2008	skipped #1, monitor still running: SiteView/Group0/12:(22), start executing a task in a process from the process pool...
14:44:55 06/17/2008	skipped #2, monitor still running: SiteView/Group0/12:(22), start executing a task in a process from the process pool...
14:57:01 06/17/2008	skipped #1, monitor still running: SiteView/Group0/12:(22), start executing a task in a process from the process pool...
15:09:07 06/17/2008	skipped #1, monitor still running: SiteView/Group0/12:(22), start executing a task in a process from the process pool...
15:33:20 06/17/2008	skipped #1, monitor still running: SiteView/Group0/12:(22), start executing a task in a process from the process pool...
15:33:42 06/17/2008	skipped #2, monitor still running: SiteView/Group0/12:(22), start executing a task in a process from the process pool...
15:34:04 06/17/2008	skipped #3, monitor still running: SiteView/Group0/12:(22), start executing a task in a process from the process pool...
15:40:40 06/17/2008	skipped #1, monitor still running: SiteView/Group0/12:(22), start executing a task in a process from the process pool...
15:45:48 06/17/2008	skipped #1, monitor still running: SiteView/Group0/12:(22), start executing a task in a process from the process pool...
17:19:38 06/17/2008	SiteView shutting down, LICENSE EXPIRED
17:19:38 06/17/2008	SiteView process started, 
17:19:47 06/17/2008	Recipient: peng.wang@dragonflow.com, has error: java.net.ProtocolException: 550 unknown user <peng.wang@dragonflow.com>
17:19:47 06/17/2008	Using backup mail server (java.net.ProtocolException: 503 must have sender and recipient first) for SiteView started To: peng.wang@dragonflow.com
17:19:48 06/17/2008	STATUS MAIL ERROR: unable to connect to server
17:39:58 06/17/2008	SiteView shutting down, LICENSE EXPIRED
17:39:58 06/17/2008	SiteView process started, 
17:40:05 06/17/2008	Recipient: peng.wang@dragonflow.com, has error: java.net.ProtocolException: 550 unknown user <peng.wang@dragonflow.com>
17:40:05 06/17/2008	Using backup mail server (java.net.ProtocolException: 503 must have sender and recipient first) for SiteView started To: peng.wang@dragonflow.com
17:40:06 06/17/2008	STATUS MAIL ERROR: unable to connect to server
10:34:03 06/18/2008	SiteView shutting down, LICENSE EXPIRED
10:34:03 06/18/2008	SiteView process started, 
10:34:12 06/18/2008	Recipient: peng.wang@dragonflow.com, has error: java.net.ProtocolException: 550 unknown user <peng.wang@dragonflow.com>
10:34:12 06/18/2008	Using backup mail server (java.net.ProtocolException: 503 must have sender and recipient first) for SiteView started To: peng.wang@dragonflow.com
10:34:14 06/18/2008	STATUS MAIL ERROR: unable to connect to server
10:50:59 06/18/2008	SiteView shutting down, LICENSE EXPIRED
10:50:59 06/18/2008	SiteView process started, 
10:51:07 06/18/2008	Recipient: peng.wang@dragonflow.com, has error: java.net.ProtocolException: 550 unknown user <peng.wang@dragonflow.com>
10:51:07 06/18/2008	Using backup mail server (java.net.ProtocolException: 503 must have sender and recipient first) for SiteView started To: peng.wang@dragonflow.com
10:51:08 06/18/2008	STATUS MAIL ERROR: unable to connect to server
11:00:03 06/18/2008	SiteView shutting down, LICENSE EXPIRED
11:00:03 06/18/2008	SiteView process started, 
11:00:11 06/18/2008	Recipient: peng.wang@dragonflow.com, has error: java.net.ProtocolException: 550 unknown user <peng.wang@dragonflow.com>
11:00:11 06/18/2008	Using backup mail server (java.net.ProtocolException: 503 must have sender and recipient first) for SiteView started To: peng.wang@dragonflow.com
11:00:12 06/18/2008	STATUS MAIL ERROR: unable to connect to server
